2025-01-15 20:54:13,895 [INFO] Activator:176 - 


2025-01-15 20:54:13,900 [INFO] Activator:177 - !SESSION log4j initialized
2025-01-15 20:54:17,380 [INFO] LogOutputStream:77 - [STDOUT_REDIRECT] 
2025-01-15 20:54:21,925 [INFO] ApplicationProperties:184 - Using Application install path: /home/olek/st/stm32cubeide_1.17.0_2/plugins/com.st.stm32cube.common.mx_6.13.0.202411220809
2025-01-15 20:54:21,947 [INFO] DbMcusXml:78 - Set database path to: /home/olek/st/stm32cubeide_1.17.0_2/plugins/com.st.stm32cube.common.mx_6.13.0.202411220809//db//mcu/
2025-01-15 20:54:21,947 [INFO] ApiDb:274 - Set plugin database path to: /home/olek/st/stm32cubeide_1.17.0_2/plugins/com.st.stm32cube.common.mx_6.13.0.202411220809//db//plugins/boardmanager/
2025-01-15 20:54:21,947 [WARN] ApiDb:259 - Overriding images path with different value:  => /home/olek/st/stm32cubeide_1.17.0_2/plugins/com.st.stm32cube.common.mx_6.13.0.202411220809//db//plugins/mcufinder/images/
2025-01-15 20:54:21,953 [INFO] ApiDb:250 - Set database path to: /home/olek/.stmcufinder/plugins/mcufinder//mcu/
2025-01-15 20:54:21,955 [INFO] DbMcusAds:125 - Set database path to: /home/olek/.stmcufinder/plugins/mcufinder//mcu/
2025-01-15 20:54:21,958 [INFO] CrossReferenceDbSqlite:203 - Set database path to: /home/olek/.stmcufinder/plugins/mcufinder//mcu/cs/
2025-01-15 20:54:22,094 [INFO] RulesReader:64 - Compatibility file has been processed (297 Rules)
2025-01-15 20:54:22,238 [INFO] DbMcusXml:78 - Set database path to: /home/olek/st/stm32cubeide_1.17.0_2/plugins/com.st.stm32cube.common.mx_6.13.0.202411220809//db//mcu/
2025-01-15 20:54:22,239 [INFO] ApiDb:274 - Set plugin database path to: /home/olek/st/stm32cubeide_1.17.0_2/plugins/com.st.stm32cube.common.mx_6.13.0.202411220809//db//plugins/boardmanager/
2025-01-15 20:54:22,239 [INFO] ApiDb:261 - Set plugin images path to: /home/olek/st/stm32cubeide_1.17.0_2/plugins/com.st.stm32cube.common.mx_6.13.0.202411220809//db//plugins/mcufinder/images/
2025-01-15 20:54:22,239 [WARN] DbFile:41 - Overriding database path with different value: /home/olek/.stmcufinder/plugins/mcufinder/ => /home/olek/.stmcufinder/plugins/mcufinder
2025-01-15 20:54:22,240 [INFO] ApiDb:250 - Set database path to: /home/olek/.stmcufinder/plugins/mcufinder//mcu/
2025-01-15 20:54:22,240 [WARN] DbFile:41 - Overriding database path with different value: /home/olek/.stmcufinder/plugins/mcufinder/ => /home/olek/.stmcufinder/plugins/mcufinder
2025-01-15 20:54:22,240 [INFO] DbMcusAds:125 - Set database path to: /home/olek/.stmcufinder/plugins/mcufinder//mcu/
2025-01-15 20:54:22,240 [WARN] DbFile:41 - Overriding database path with different value: /home/olek/.stmcufinder/plugins/mcufinder/ => /home/olek/.stmcufinder/plugins/mcufinder
2025-01-15 20:54:22,241 [WARN] DbFile:41 - Overriding database path with different value: /home/olek/.stmcufinder/plugins/mcufinder/ => /home/olek/.stmcufinder/plugins/mcufinder
2025-01-15 20:54:22,241 [INFO] CrossReferenceDbSqlite:203 - Set database path to: /home/olek/.stmcufinder/plugins/mcufinder//mcu/cs/
2025-01-15 20:54:22,406 [INFO] MainPanel:272 - HeapMemory: 268435456
2025-01-15 20:54:22,615 [INFO] DbMcusXml:78 - Set database path to: /home/olek/st/stm32cubeide_1.17.0_2/plugins/com.st.stm32cube.common.mx_6.13.0.202411220809//db//mcu/
2025-01-15 20:54:22,616 [INFO] ApiDb:274 - Set plugin database path to: /home/olek/st/stm32cubeide_1.17.0_2/plugins/com.st.stm32cube.common.mx_6.13.0.202411220809//db//plugins/boardmanager/
2025-01-15 20:54:22,616 [INFO] ApiDb:261 - Set plugin images path to: /home/olek/st/stm32cubeide_1.17.0_2/plugins/com.st.stm32cube.common.mx_6.13.0.202411220809//db//plugins/mcufinder/images/
2025-01-15 20:54:22,617 [WARN] DbFile:41 - Overriding database path with different value: /home/olek/.stmcufinder/plugins/mcufinder/ => /home/olek/.stmcufinder/plugins/mcufinder
2025-01-15 20:54:22,617 [INFO] ApiDb:250 - Set database path to: /home/olek/.stmcufinder/plugins/mcufinder//mcu/
2025-01-15 20:54:22,617 [WARN] DbFile:41 - Overriding database path with different value: /home/olek/.stmcufinder/plugins/mcufinder/ => /home/olek/.stmcufinder/plugins/mcufinder
2025-01-15 20:54:22,617 [INFO] DbMcusAds:125 - Set database path to: /home/olek/.stmcufinder/plugins/mcufinder//mcu/
2025-01-15 20:54:22,618 [WARN] DbFile:41 - Overriding database path with different value: /home/olek/.stmcufinder/plugins/mcufinder/ => /home/olek/.stmcufinder/plugins/mcufinder
2025-01-15 20:54:22,618 [WARN] DbFile:41 - Overriding database path with different value: /home/olek/.stmcufinder/plugins/mcufinder/ => /home/olek/.stmcufinder/plugins/mcufinder
2025-01-15 20:54:22,618 [INFO] CrossReferenceDbSqlite:203 - Set database path to: /home/olek/.stmcufinder/plugins/mcufinder//mcu/cs/
2025-01-15 20:54:22,648 [INFO] ApplicationProperties:184 - Using Application install path: /home/olek/st/stm32cubeide_1.17.0_2/plugins/com.st.stm32cube.common.mx_6.13.0.202411220809
2025-01-15 20:54:22,650 [INFO] PluginManage:196 - Search for loadable plugins [exclusion list=, ]
2025-01-15 20:54:22,653 [INFO] PluginManage:310 - Check plugin analytics
2025-01-15 20:54:23,138 [INFO] AnalyticsPlugin:253 - Accepted Software Licenses: STM32CubeMX.6.13.0
2025-01-15 20:54:23,139 [INFO] AnalyticsPlugin:255 - Accepted CMSIS Pack Licenses: 
2025-01-15 20:54:23,139 [INFO] AnalyticsPlugin:257 - Accepted Firmware Licenses: 
2025-01-15 20:54:23,148 [INFO] PluginManage:359 - Loaded plugin analytics (category:tool,tabindex:-1)
2025-01-15 20:54:23,149 [INFO] PluginManage:310 - Check plugin cadmodel
2025-01-15 20:54:23,166 [INFO] CADModel:105 - Init CAD model plugin
2025-01-15 20:54:23,167 [INFO] PluginManage:359 - Loaded plugin cadmodel (category:power,tabindex:5)
2025-01-15 20:54:23,169 [INFO] PluginManage:310 - Check plugin clock
2025-01-15 20:54:23,188 [INFO] PluginManage:359 - Loaded plugin clock (category:base,tabindex:2)
2025-01-15 20:54:23,190 [INFO] PluginManage:310 - Check plugin ddr
2025-01-15 20:54:23,194 [INFO] PluginManage:359 - Loaded plugin ddr (category:tool,tabindex:6)
2025-01-15 20:54:23,200 [INFO] PluginManage:310 - Check plugin filemanager
2025-01-15 20:54:23,535 [INFO] PluginManage:359 - Loaded plugin filemanager (category:base,tabindex:10)
2025-01-15 20:54:23,535 [INFO] PluginManage:310 - Check plugin ipmanager
2025-01-15 20:54:23,543 [INFO] PluginManage:359 - Loaded plugin ipmanager (category:base,tabindex:5)
2025-01-15 20:54:23,544 [INFO] PluginManage:310 - Check plugin lpbam
2025-01-15 20:54:23,566 [INFO] PluginManage:359 - Loaded plugin lpbam (category:base,tabindex:0)
2025-01-15 20:54:23,566 [INFO] PluginManage:310 - Check plugin memorymap
2025-01-15 20:54:23,606 [INFO] PluginManage:359 - Loaded plugin memorymap (category:base,tabindex:4)
2025-01-15 20:54:23,607 [INFO] PluginManage:310 - Check plugin pinoutandconfiguration
2025-01-15 20:54:23,618 [INFO] PluginManage:359 - Loaded plugin pinoutandconfiguration (category:base,tabindex:1)
2025-01-15 20:54:23,619 [INFO] PluginManage:310 - Check plugin pinoutconfig
2025-01-15 20:54:23,836 [WARN] SupportedApi:132 - Cannot load RTOS API schema: s4s-elt-must-match.1: The content of 'definitions' must match (annotation?, (simpleType | complexType)?, (unique | key | keyref)*)). A problem was found starting at: attribute.
2025-01-15 20:54:24,104 [INFO] PluginManage:359 - Loaded plugin pinoutconfig (category:base,tabindex:0)
2025-01-15 20:54:24,105 [INFO] PluginManage:310 - Check plugin power
2025-01-15 20:54:24,114 [INFO] PluginManage:359 - Loaded plugin power (category:power,tabindex:4)
2025-01-15 20:54:24,115 [INFO] PluginManage:310 - Check plugin projectmanager
2025-01-15 20:54:24,150 [INFO] PluginManage:359 - Loaded plugin projectmanager (category:projectmanager,tabindex:4)
2025-01-15 20:54:24,152 [INFO] PluginManage:310 - Check plugin rif
2025-01-15 20:54:24,160 [INFO] PluginManage:359 - Loaded plugin rif (category:base,tabindex:3)
2025-01-15 20:54:24,161 [INFO] PluginManage:310 - Check plugin thirdparty
2025-01-15 20:54:24,345 [INFO] PluginManage:359 - Loaded plugin thirdparty (category:base,tabindex:-1)
2025-01-15 20:54:24,346 [INFO] PluginManage:310 - Check plugin tools
2025-01-15 20:54:24,345 [WARN] IntegrityCheckThread:84 - waiting for thirdparty lock release [integrity check]
2025-01-15 20:54:24,346 [INFO] IntegrityCheckThread:86 - entering critical section [integrity check]
2025-01-15 20:54:24,347 [INFO] ThirdPartyUpdaterWithRetryManager:70 - Updater plugin not ready yet. [1/15]
2025-01-15 20:54:24,349 [INFO] PluginManage:359 - Loaded plugin tools (category:base,tabindex:7)
2025-01-15 20:54:24,349 [INFO] PluginManage:310 - Check plugin tutovideos
2025-01-15 20:54:24,558 [INFO] PluginManage:359 - Loaded plugin tutovideos (category:base,tabindex:-1)
2025-01-15 20:54:24,558 [INFO] PluginManage:310 - Check plugin updater
2025-01-15 20:54:24,584 [INFO] PluginManage:359 - Loaded plugin updater (category:base,tabindex:12)
2025-01-15 20:54:24,584 [INFO] PluginManage:310 - Check plugin userauth
2025-01-15 20:54:24,589 [INFO] UserAuth:118 - Init User Auth plugin
2025-01-15 20:54:24,590 [INFO] PluginManage:359 - Loaded plugin userauth (category:base,tabindex:14)
2025-01-15 20:54:24,591 [INFO] PluginManage:283 - PluginManage : Loaded plugins [18]
2025-01-15 20:54:24,795 [INFO] PinOutPanel:1589 - setPackage(No Configuration,No Configuration)
2025-01-15 20:54:24,877 [INFO] CADModel:165 - CPN selected for project level
2025-01-15 20:54:24,877 [INFO] CADModel:114 - Register for checkConnection events
2025-01-15 20:54:24,890 [INFO] IPUIPlugin:80 - create IPUIPlugin
2025-01-15 20:54:24,891 [INFO] PluginManager:220 - loadIPPluginJar : add gfxmmu
2025-01-15 20:54:24,898 [INFO] IPUIPlugin:80 - create IPUIPlugin
2025-01-15 20:54:24,899 [INFO] PluginManager:220 - loadIPPluginJar : add linkedlist
2025-01-15 20:54:24,900 [INFO] IPUIPlugin:80 - create IPUIPlugin
2025-01-15 20:54:24,901 [INFO] PluginManager:220 - loadIPPluginJar : add ltdc
2025-01-15 20:54:24,902 [INFO] IPUIPlugin:80 - create IPUIPlugin
2025-01-15 20:54:24,903 [INFO] PluginManager:220 - loadIPPluginJar : add fatfs
2025-01-15 20:54:24,906 [INFO] IPUIPlugin:80 - create IPUIPlugin
2025-01-15 20:54:24,906 [INFO] PluginManager:220 - loadIPPluginJar : add pdm2pcm
2025-01-15 20:54:24,910 [INFO] IPUIPlugin:80 - create IPUIPlugin
2025-01-15 20:54:24,911 [INFO] PluginManager:220 - loadIPPluginJar : add touchsensing
2025-01-15 20:54:24,915 [INFO] IPUIPlugin:80 - create IPUIPlugin
2025-01-15 20:54:24,916 [INFO] PluginManager:220 - loadIPPluginJar : add gpio
2025-01-15 20:54:24,918 [INFO] IPUIPlugin:80 - create IPUIPlugin
2025-01-15 20:54:24,919 [INFO] PluginManager:220 - loadIPPluginJar : add tim
2025-01-15 20:54:24,924 [INFO] IPUIPlugin:80 - create IPUIPlugin
2025-01-15 20:54:24,925 [INFO] PluginManager:220 - loadIPPluginJar : add freertos
2025-01-15 20:54:24,928 [INFO] IPUIPlugin:80 - create IPUIPlugin
2025-01-15 20:54:24,928 [INFO] PluginManager:220 - loadIPPluginJar : add i3c
2025-01-15 20:54:24,930 [INFO] IPUIPlugin:80 - create IPUIPlugin
2025-01-15 20:54:24,931 [INFO] PluginManager:220 - loadIPPluginJar : add radio
2025-01-15 20:54:24,933 [INFO] IPUIPlugin:80 - create IPUIPlugin
2025-01-15 20:54:24,934 [INFO] PluginManager:220 - loadIPPluginJar : add ucpd
2025-01-15 20:54:24,938 [INFO] IPUIPlugin:80 - create IPUIPlugin
2025-01-15 20:54:24,938 [INFO] PluginManager:220 - loadIPPluginJar : add opamp
2025-01-15 20:54:24,941 [INFO] IPUIPlugin:80 - create IPUIPlugin
2025-01-15 20:54:24,942 [INFO] PluginManager:220 - loadIPPluginJar : add extmemmanager
2025-01-15 20:54:24,944 [INFO] IPUIPlugin:80 - create IPUIPlugin
2025-01-15 20:54:24,944 [INFO] PluginManager:220 - loadIPPluginJar : add can
2025-01-15 20:54:24,946 [INFO] IPUIPlugin:80 - create IPUIPlugin
2025-01-15 20:54:24,946 [INFO] PluginManager:220 - loadIPPluginJar : add lorawan
2025-01-15 20:54:24,947 [INFO] IPUIPlugin:80 - create IPUIPlugin
2025-01-15 20:54:24,948 [INFO] PluginManager:220 - loadIPPluginJar : add quadspi
2025-01-15 20:54:24,953 [INFO] IPUIPlugin:80 - create IPUIPlugin
2025-01-15 20:54:24,953 [INFO] PluginManager:220 - loadIPPluginJar : add dma
2025-01-15 20:54:24,955 [INFO] IPUIPlugin:80 - create IPUIPlugin
2025-01-15 20:54:24,956 [INFO] PluginManager:220 - loadIPPluginJar : add cryp
2025-01-15 20:54:24,958 [INFO] IPUIPlugin:80 - create IPUIPlugin
2025-01-15 20:54:24,959 [INFO] PluginManager:220 - loadIPPluginJar : add dma3
2025-01-15 20:54:24,960 [INFO] IPUIPlugin:80 - create IPUIPlugin
2025-01-15 20:54:24,961 [INFO] PluginManager:220 - loadIPPluginJar : add tsc
2025-01-15 20:54:24,965 [INFO] IPUIPlugin:80 - create IPUIPlugin
2025-01-15 20:54:24,965 [INFO] PluginManager:220 - loadIPPluginJar : add gic
2025-01-15 20:54:24,968 [INFO] IPUIPlugin:80 - create IPUIPlugin
2025-01-15 20:54:24,969 [INFO] PluginManager:220 - loadIPPluginJar : add resmgrutility
2025-01-15 20:54:24,973 [INFO] IPUIPlugin:80 - create IPUIPlugin
2025-01-15 20:54:24,974 [INFO] PluginManager:220 - loadIPPluginJar : add nvic
2025-01-15 20:54:24,977 [INFO] IPUIPlugin:80 - create IPUIPlugin
2025-01-15 20:54:24,977 [INFO] PluginManager:220 - loadIPPluginJar : add spi
2025-01-15 20:54:24,980 [INFO] IPUIPlugin:80 - create IPUIPlugin
2025-01-15 20:54:24,980 [INFO] PluginManager:220 - loadIPPluginJar : add gtzc
2025-01-15 20:54:24,982 [INFO] IPUIPlugin:80 - create IPUIPlugin
2025-01-15 20:54:24,982 [INFO] PluginManager:220 - loadIPPluginJar : add genericplugin
2025-01-15 20:54:24,985 [INFO] IPUIPlugin:80 - create IPUIPlugin
2025-01-15 20:54:24,985 [INFO] PluginManager:220 - loadIPPluginJar : add hash
2025-01-15 20:54:24,987 [INFO] IPUIPlugin:80 - create IPUIPlugin
2025-01-15 20:54:24,987 [INFO] PluginManager:220 - loadIPPluginJar : add tracer_emb
2025-01-15 20:54:24,990 [INFO] IPUIPlugin:80 - create IPUIPlugin
2025-01-15 20:54:24,990 [INFO] PluginManager:220 - loadIPPluginJar : add i2c
2025-01-15 20:54:24,993 [INFO] IPUIPlugin:80 - create IPUIPlugin
2025-01-15 20:54:24,993 [INFO] PluginManager:220 - loadIPPluginJar : add usart
2025-01-15 20:54:25,000 [INFO] IPUIPlugin:80 - create IPUIPlugin
2025-01-15 20:54:25,001 [INFO] PluginManager:220 - loadIPPluginJar : add adc
2025-01-15 20:54:25,004 [INFO] IPUIPlugin:80 - create IPUIPlugin
2025-01-15 20:54:25,004 [INFO] PluginManager:220 - loadIPPluginJar : add sai
2025-01-15 20:54:25,007 [INFO] IPUIPlugin:80 - create IPUIPlugin
2025-01-15 20:54:25,007 [INFO] PluginManager:220 - loadIPPluginJar : add usbx
2025-01-15 20:54:25,009 [INFO] IPUIPlugin:80 - create IPUIPlugin
2025-01-15 20:54:25,009 [INFO] PluginManager:220 - loadIPPluginJar : add comp
2025-01-15 20:54:25,015 [INFO] IPUIPlugin:80 - create IPUIPlugin
2025-01-15 20:54:25,016 [INFO] PluginManager:220 - loadIPPluginJar : add stm32_wpan
2025-01-15 20:54:25,023 [INFO] IPUIPlugin:80 - create IPUIPlugin
2025-01-15 20:54:25,023 [INFO] PluginManager:220 - loadIPPluginJar : add mdma
2025-01-15 20:54:25,025 [INFO] IPUIPlugin:80 - create IPUIPlugin
2025-01-15 20:54:25,026 [INFO] PluginManager:220 - loadIPPluginJar : add ts
2025-01-15 20:54:25,029 [INFO] IPUIPlugin:80 - create IPUIPlugin
2025-01-15 20:54:25,030 [INFO] PluginManager:220 - loadIPPluginJar : add dfsdm
2025-01-15 20:54:25,032 [INFO] IPUIPlugin:80 - create IPUIPlugin
2025-01-15 20:54:25,033 [INFO] PluginManager:220 - loadIPPluginJar : add i2s
2025-01-15 20:54:25,036 [INFO] IPUIPlugin:80 - create IPUIPlugin
2025-01-15 20:54:25,036 [INFO] PluginManager:220 - loadIPPluginJar : add ipddr
2025-01-15 20:54:25,041 [INFO] IPUIPlugin:80 - create IPUIPlugin
2025-01-15 20:54:25,042 [INFO] PluginManager:220 - loadIPPluginJar : add fmc
2025-01-15 20:54:25,044 [INFO] IPUIPlugin:80 - create IPUIPlugin
2025-01-15 20:54:25,045 [INFO] PluginManager:220 - loadIPPluginJar : add aes
2025-01-15 20:54:25,051 [INFO] IPUIPlugin:80 - create IPUIPlugin
2025-01-15 20:54:25,056 [INFO] PluginManager:220 - loadIPPluginJar : add plateformsettings
2025-01-15 20:54:25,058 [INFO] IPUIPlugin:80 - create IPUIPlugin
2025-01-15 20:54:25,059 [INFO] PluginManager:220 - loadIPPluginJar : add ddr_ctrl_phy
2025-01-15 20:54:25,062 [INFO] IPUIPlugin:80 - create IPUIPlugin
2025-01-15 20:54:25,063 [INFO] PluginManager:220 - loadIPPluginJar : add openamp
2025-01-15 20:54:25,187 [FATAL] Updater:351 - Updater called before beeing initialized
2025-01-15 20:54:25,226 [INFO] RulesReader:64 - Compatibility file has been processed (297 Rules)
2025-01-15 20:54:25,241 [INFO] RulesReader:64 - Compatibility file has been processed (297 Rules)
2025-01-15 20:54:25,250 [INFO] CADModel:165 - CPN selected for project level
2025-01-15 20:54:25,250 [INFO] CADModel:114 - Register for checkConnection events
2025-01-15 20:54:25,250 [FATAL] Updater:351 - Updater called before beeing initialized
2025-01-15 20:54:25,250 [ERROR] CADModel:125 - Updater not yet initialized, retry later 
2025-01-15 20:54:25,428 [FATAL] Updater:351 - Updater called before beeing initialized
2025-01-15 20:54:25,430 [INFO] CADModel:165 - CPN selected for project level
2025-01-15 20:54:25,431 [INFO] CADModel:114 - Register for checkConnection events
2025-01-15 20:54:25,431 [FATAL] Updater:351 - Updater called before beeing initialized
2025-01-15 20:54:25,431 [ERROR] CADModel:125 - Updater not yet initialized, retry later 
2025-01-15 20:54:25,435 [FATAL] Updater:351 - Updater called before beeing initialized
2025-01-15 20:54:25,552 [FATAL] Updater:351 - Updater called before beeing initialized
2025-01-15 20:54:25,558 [INFO] DbMcusAds:53 - JSON generation date=Tue Dec 17 17:01:15 CET 2024 (1734451275222)
2025-01-15 20:54:25,559 [FATAL] Updater:351 - Updater called before beeing initialized
2025-01-15 20:54:25,614 [WARN] DetailPanel:346 - Failed to get advertising image, set to default
2025-01-15 20:54:26,055 [FATAL] Updater:351 - Updater called before beeing initialized
2025-01-15 20:54:26,057 [FATAL] Updater:351 - Updater called before beeing initialized
2025-01-15 20:54:26,058 [FATAL] Updater:351 - Updater called before beeing initialized
2025-01-15 20:54:26,058 [WARN] DetailPanel:346 - Failed to get advertising image, set to default
2025-01-15 20:54:26,061 [FATAL] Updater:351 - Updater called before beeing initialized
2025-01-15 20:54:26,147 [ERROR] Updater:1198 - MainUpdater not yet initialized. External WinMGr cannot be set.
2025-01-15 20:54:26,150 [INFO] Updater:1134 - Updater Version found : 6.13.0
2025-01-15 20:54:26,176 [INFO] ApplicationProperties:184 - Using Application install path: /home/olek/st/stm32cubeide_1.17.0_2/plugins/com.st.stm32cube.common.mx_6.13.0.202411220809
2025-01-15 20:54:27,087 [INFO] MainUpdater:2872 - connection check result : 10
2025-01-15 20:54:27,090 [INFO] MainUpdater:289 - Updater Check For Update Now.
2025-01-15 20:54:27,091 [INFO] MicroXplorer:498 - Change Database Version : DB.6.0.130
2025-01-15 20:54:27,119 [INFO] McuFinderGlobals:63 - Set McuFinder mode to 2 (CubeIDE integrated)
2025-01-15 20:54:27,119 [INFO] UserAuth:171 - activating auth plugin
2025-01-15 20:54:27,127 [INFO] UserAuth:486 - Internet connection configuration mode: 1
2025-01-15 20:54:27,219 [INFO] JxBrowserEngine:152 - Initiate JxBrowser Engine with user profile folder
2025-01-15 20:54:27,348 [WARN] MainUpdater:1193 - Updater busy. Cannot search thirdparties
2025-01-15 20:54:27,349 [INFO] ThirdPartyUpdaterWithRetryManager:96 - Updater plugin is busy. [1/15]
2025-01-15 20:54:27,438 [INFO] CheckServerUpdateThread:120 - End of CheckServer Thread
2025-01-15 20:54:28,483 [INFO] WebApp:168 - Instantiating new browser for Auth
2025-01-15 20:54:29,440 [INFO] WebApp:449 - Apply proxy settings
2025-01-15 20:54:29,442 [INFO] WebApp:534 - Chromium requires no authentication
2025-01-15 20:54:29,448 [INFO] WebApp:477 - Direct internet connection detected
2025-01-15 20:54:29,470 [INFO] WebApp:880 - Register for checkConnection events
2025-01-15 20:54:29,470 [INFO] WebApp:449 - Apply proxy settings
2025-01-15 20:54:29,470 [INFO] WebApp:534 - Chromium requires no authentication
2025-01-15 20:54:29,471 [INFO] WebApp:477 - Direct internet connection detected
2025-01-15 20:54:29,616 [INFO] WebApp:221 - Starting web application
2025-01-15 20:54:29,617 [INFO] WebApp:579 - Web application path used /home/olek/st/stm32cubeide_1.17.0_2/plugins/com.st.stm32cube.common.mx_6.13.0.202411220809/db/plugins/mcufinder/reactClient1/index.html
2025-01-15 20:54:30,159 [INFO] WebApp:187 - Connection restablished
2025-01-15 20:54:30,631 [WARN] PackLoader:240 - Cannot read IP mode file for STMicroelectronics.FP-SNS-MOTENVWB1.1.4.0
2025-01-15 20:54:30,657 [WARN] PackLoader:240 - Cannot read IP mode file for STMicroelectronics.FP-ATR-ASTRA1.2.0.1
2025-01-15 20:54:30,695 [WARN] PackLoader:240 - Cannot read IP mode file for STMicroelectronics.X-CUBE-SMBUS.2.1.0
2025-01-15 20:54:30,729 [WARN] PackLoader:240 - Cannot read IP mode file for STMicroelectronics.X-CUBE-WB05N.1.1.0
2025-01-15 20:54:30,877 [WARN] PackLoader:240 - Cannot read IP mode file for STMicroelectronics.X-CUBE-AZRTOS-F7.1.1.0
2025-01-15 20:54:30,911 [WARN] PackLoader:240 - Cannot read IP mode file for STMicroelectronics.FP-SNS-FLIGHT1.5.0.2
2025-01-15 20:54:31,032 [WARN] PackLoader:240 - Cannot read IP mode file for Infineon.AIROC-Wi-Fi-Bluetooth-STM32.1.7.0
2025-01-15 20:54:31,102 [WARN] PackLoader:240 - Cannot read IP mode file for STMicroelectronics.X-CUBE-DISPLAY.3.0.0
2025-01-15 20:54:31,132 [WARN] PackLoader:240 - Cannot read IP mode file for STMicroelectronics.X-CUBE-BLE1.7.0.0
2025-01-15 20:54:31,160 [WARN] PackLoader:240 - Cannot read IP mode file for STMicroelectronics.X-CUBE-NFC10.1.0.0
2025-01-15 20:54:31,212 [WARN] PackLoader:240 - Cannot read IP mode file for STMicroelectronics.X-CUBE-BLEMGR.4.0.0
2025-01-15 20:54:31,246 [WARN] PackLoader:240 - Cannot read IP mode file for emotas.I-CUBE-CANOPEN.1.3.0
2025-01-15 20:54:31,260 [WARN] PackLoader:240 - Cannot read IP mode file for STMicroelectronics.FP-SNS-SMARTAG2.1.2.0
2025-01-15 20:54:31,402 [WARN] PackLoader:240 - Cannot read IP mode file for STMicroelectronics.X-CUBE-MEMS1.11.1.0
2025-01-15 20:54:31,773 [INFO] LogOutputStream:77 - [STDOUT_REDIRECT] 1 : Invalid condition id : UX_CORESTACK_Condition cause : null
2025-01-15 20:54:31,779 [INFO] LogOutputStream:77 - [STDOUT_REDIRECT] 1 : Invalid condition id : UX_CORESTACK_Condition cause : null
2025-01-15 20:54:31,780 [INFO] LogOutputStream:77 - [STDOUT_REDIRECT] 1 : Invalid condition id : UX_CORESTACK_Condition cause : null
2025-01-15 20:54:31,782 [INFO] LogOutputStream:77 - [STDOUT_REDIRECT] 1 : Invalid condition id : UX_CORESTACK_Condition cause : null
2025-01-15 20:54:31,785 [INFO] LogOutputStream:77 - [STDOUT_REDIRECT] 1 : Invalid condition id : UX_CORESTACK_Condition cause : null
2025-01-15 20:54:31,799 [WARN] PackLoader:240 - Cannot read IP mode file for STMicroelectronics.X-CUBE-AZRTOS-WL.2.0.0
2025-01-15 20:54:31,819 [WARN] PackLoader:240 - Cannot read IP mode file for STMicroelectronics.FP-SNS-MOTENV1.5.0.0
2025-01-15 20:54:31,831 [WARN] PackLoader:240 - Cannot read IP mode file for wolfSSL.I-CUBE-wolfMQTT.1.19.0
2025-01-15 20:54:31,855 [WARN] PackLoader:240 - Cannot read IP mode file for WES.I-CUBE-Cesium.1.3.0
2025-01-15 20:54:31,870 [WARN] PackLoader:240 - Cannot read IP mode file for STMicroelectronics.X-CUBE-BLE2.3.3.0
2025-01-15 20:54:31,891 [WARN] PackLoader:240 - Cannot read IP mode file for STMicroelectronics.X-CUBE-NFC9.1.0.0
2025-01-15 20:54:32,002 [WARN] PackLoader:240 - Cannot read IP mode file for STMicroelectronics.X-CUBE-AZRTOS-G0.1.1.0
2025-01-15 20:54:32,054 [WARN] PackLoader:240 - Cannot read IP mode file for STMicroelectronics.X-CUBE-SAFEA1.1.2.2
2025-01-15 20:54:32,072 [WARN] PackLoader:240 - Cannot read IP mode file for STMicroelectronics.X-CUBE-NFC4.3.0.0
2025-01-15 20:54:32,130 [WARN] PackLoader:240 - Cannot read IP mode file for EmbeddedOffice.I-CUBE-FS-RTOS.1.0.1
2025-01-15 20:54:32,160 [WARN] PackLoader:240 - Cannot read IP mode file for STMicroelectronics.X-CUBE-TCPP.4.2.0
2025-01-15 20:54:32,182 [WARN] PackLoader:240 - Cannot read IP mode file for RealThread.X-CUBE-RT-Thread_Nano.4.1.1
2025-01-15 20:54:32,189 [WARN] PackLoader:240 - Cannot read IP mode file for STMicroelectronics.FP-ATR-SIGFOX1.3.2.0
2025-01-15 20:54:32,196 [WARN] ConditionMgr:438 - getConditionDescription Invalid condition id : Cortex-A Device cause : null
2025-01-15 20:54:32,228 [WARN] ConditionMgr:1044 - genDependencies : Invalid condition id : Cortex-A Device cause : null
2025-01-15 20:54:32,230 [WARN] ConditionMgr:1044 - genDependencies : Invalid condition id : Cortex-A Device cause : null
2025-01-15 20:54:32,231 [WARN] ConditionMgr:1044 - genDependencies : Invalid condition id : Cortex-A Device cause : null
2025-01-15 20:54:32,248 [WARN] PackLoader:240 - Cannot read IP mode file for STMicroelectronics.X-CUBE-EEPRMA1.5.1.0
2025-01-15 20:54:32,272 [WARN] PackLoader:240 - Cannot read IP mode file for wolfSSL.I-CUBE-wolfSSL.5.7.4
2025-01-15 20:54:32,289 [WARN] PackLoader:240 - Cannot read IP mode file for ITTIA_DB.I-CUBE-ITTIADB.8.9.0
2025-01-15 20:54:32,352 [WARN] PackLoader:240 - Cannot read IP mode file for SEGGER.I-CUBE-embOS.1.3.1
2025-01-15 20:54:32,453 [WARN] PackLoader:240 - Cannot read IP mode file for STMicroelectronics.X-CUBE-ALGOBUILD.1.4.0
2025-01-15 20:54:32,462 [WARN] PackLoader:240 - Cannot read IP mode file for STMicroelectronics.X-CUBE-AI.9.1.0
2025-01-15 20:54:32,504 [WARN] PackLoader:240 - Cannot read IP mode file for STMicroelectronics.X-CUBE-AZRTOS-F4.1.1.0
2025-01-15 20:54:32,519 [WARN] PackLoader:240 - Cannot read IP mode file for STMicroelectronics.X-CUBE-ISPU.2.1.0
2025-01-15 20:54:32,555 [WARN] PackLoader:240 - Cannot read IP mode file for STMicroelectronics.X-CUBE-AZRTOS-L5.2.0.0
2025-01-15 20:54:32,575 [WARN] PackLoader:240 - Cannot read IP mode file for STMicroelectronics.X-CUBE-NFC6.3.1.0
2025-01-15 20:54:32,585 [WARN] PackLoader:240 - Cannot read IP mode file for STMicroelectronics.X-CUBE-DPower.1.2.0
2025-01-15 20:54:32,599 [WARN] PackLoader:240 - Cannot read IP mode file for STMicroelectronics.X-CUBE-FREERTOS.1.3.0
2025-01-15 20:54:32,608 [WARN] PackLoader:240 - Cannot read IP mode file for STMicroelectronics.X-CUBE-NFC7.1.0.1
2025-01-15 20:54:32,641 [WARN] ConditionMgr:438 - getConditionDescription Invalid condition id : LAN8742 Phy interface Condition cause : null
2025-01-15 20:54:32,642 [WARN] PackLoader:240 - Cannot read IP mode file for STMicroelectronics.X-CUBE-AZRTOS-L4.2.0.0
2025-01-15 20:54:32,647 [WARN] ConditionMgr:1044 - genDependencies : Invalid condition id : LAN8742 Phy interface Condition cause : null
2025-01-15 20:54:32,648 [WARN] ConditionMgr:1044 - genDependencies : Invalid condition id : LAN8742 Phy interface Condition cause : null
2025-01-15 20:54:32,649 [WARN] ConditionMgr:1044 - genDependencies : Invalid condition id : LAN8742 Phy interface Condition cause : null
2025-01-15 20:54:32,665 [WARN] PackLoader:240 - Cannot read IP mode file for STMicroelectronics.X-CUBE-SFXS2LP1.4.0.0
2025-01-15 20:54:32,719 [WARN] PackLoader:240 - Cannot read IP mode file for STMicroelectronics.X-CUBE-AZRTOS-H7.3.3.0
2025-01-15 20:54:32,756 [WARN] ConditionMgr:438 - getConditionDescription Invalid condition id : UX DEVICE CLASS RTOS Condition cause : null
2025-01-15 20:54:32,757 [WARN] ConditionMgr:438 - getConditionDescription Invalid condition id : UX DEVICE CLASS RTOS Condition cause : null
2025-01-15 20:54:32,761 [WARN] PackLoader:240 - Cannot read IP mode file for STMicroelectronics.X-CUBE-AZRTOS-WB.2.0.0
2025-01-15 20:54:32,761 [WARN] ConditionMgr:1044 - genDependencies : Invalid condition id : UX DEVICE CLASS RTOS Condition cause : null
2025-01-15 20:54:32,762 [WARN] ConditionMgr:1044 - genDependencies : Invalid condition id : UX DEVICE CLASS RTOS Condition cause : null
2025-01-15 20:54:32,762 [WARN] ConditionMgr:1044 - genDependencies : Invalid condition id : UX DEVICE CLASS RTOS Condition cause : null
2025-01-15 20:54:32,763 [WARN] ConditionMgr:1044 - genDependencies : Invalid condition id : UX DEVICE CLASS RTOS Condition cause : null
2025-01-15 20:54:32,763 [WARN] ConditionMgr:1044 - genDependencies : Invalid condition id : UX DEVICE CLASS RTOS Condition cause : null
2025-01-15 20:54:32,769 [WARN] PackLoader:240 - Cannot read IP mode file for STMicroelectronics.X-CUBE-GNSS1.7.0.1
2025-01-15 20:54:32,776 [WARN] PackLoader:240 - Cannot read IP mode file for STMicroelectronics.FP-SNS-STBOX1.2.0.0
2025-01-15 20:54:32,794 [WARN] PackLoader:240 - Cannot read IP mode file for STMicroelectronics.X-CUBE-SUBG2.5.0.0
2025-01-15 20:54:32,804 [WARN] PackLoader:240 - Cannot read IP mode file for Cesanta.I-CUBE-Mongoose.7.13.0
2025-01-15 20:54:32,823 [WARN] PackLoader:240 - Cannot read IP mode file for STMicroelectronics.X-CUBE-AZRTOS-G4.2.0.0
2025-01-15 20:54:32,852 [WARN] PackLoader:240 - Cannot read IP mode file for STMicroelectronics.X-CUBE-IPS.3.1.0
2025-01-15 20:54:32,868 [WARN] PackLoader:240 - Cannot read IP mode file for STMicroelectronics.X-CUBE-ALS.1.0.2
2025-01-15 20:54:32,873 [WARN] PackLoader:240 - Cannot read IP mode file for STMicroelectronics.X-CUBE-TOUCHGFX.4.24.2
2025-01-15 20:54:32,877 [WARN] PackLoader:240 - Cannot read IP mode file for wolfSSL.I-CUBE-wolfTPM.3.4.0
2025-01-15 20:54:32,883 [WARN] PackLoader:240 - Cannot read IP mode file for portGmbH.I-Cube-SoM-uGOAL.1.1.0
2025-01-15 20:54:32,909 [WARN] PackLoader:240 - Cannot read IP mode file for STMicroelectronics.X-CUBE-AZRTOS-H7RS.1.0.0
2025-01-15 20:54:32,939 [WARN] PackLoader:240 - Cannot read IP mode file for STMicroelectronics.X-CUBE-TOF1.3.4.2
2025-01-15 20:54:32,955 [WARN] PackLoader:240 - Cannot read IP mode file for wolfSSL.I-CUBE-wolfSSH.1.4.17
2025-01-15 20:54:32,957 [INFO] ThirdParty:978 - Integrity check success = true
2025-01-15 20:54:32,957 [INFO] IntegrityCheckThread:100 - exiting critical section [integrity check]
2025-01-15 20:54:32,957 [INFO] IntegrityCheckThread:103 - End integrity checks thread
